-----Register-----
POST: http://localhost:8082/auth/api/v1.0/register
data: {u'pwd': u'202cb962ac59075b964b07152d234b70', u'id': u'a', u'name': u'jamie2'}
>>>>> finished within 3.93104553223 ms
>>>>> [200 OK]
>>>>> Result is what we want

		{
			"code": 1,
			"msg": "Already Registered",
			"data": {}
		}	
	
PASS

-----Login-----
POST: http://localhost:8082/auth/api/v1.0/login
data: {u'pwd': u'202cb962ac59075b964b07152d234b70', u'id': u'a'}
>>>>> finished within 1156.43787384 ms
>>>>> [200 OK]
>>>>> FAILED RESPONSE TEXT:

		{
			"code": 0,
			"msg": "need setup wechat",
			"data": "eyJhbGciOiJIUzI1NiIsInR5cCI6IkpXVCJ9.eyJpZCI6ImEiLCJuYW1lIjoiamFtaWUyIiwib3BlbmlkIjoiIiwidW5pb25pZCI6IiIsInBlcm1pc3Npb24iOnt9LCJleHAiOjE1MjI5MzE0ODksImlzcyI6IlVsdHJhYmVhci1BdXRoLVNlcnZpY2UiLCJuYmYiOjE1MjAzMzk0ODl9.I7r59JS4B2OibLfPAGD2cdabsCX3I1D48TeEpG-0Ypo"
		}	
	
FAIL:  Result is not what we want


-----ADDID-----
POST: http://localhost:8082/auth/api/v1.0/adduserid
data: {u'pwd': u'202cb962ac59075b964b07152d234b70', u'id': u'a', u'name': u'jamie2'}
>>>>> finished within 1.60193443298 ms
>>>>> [200 OK]
>>>>> Result is what we want

		{
			"code": 1,
			"msg": "Internal Error",
			"data": {}
		}	
	
PASS

-----Signup-----
FAIL:  <type 'exceptions.NameError'>



----------
all cases:4
passes cases:2
failed cases:2
